
> forbis-cimanggung@0.1.0 dev
> next dev

▲ Next.js 16.1.6 (Turbopack)
- Local:         http://localhost:3000
- Network:       http://192.168.0.127:3000
- Environments: .env.local

✓ Starting...
⚠ The "middleware" file convention is deprecated. Please use "proxy" instead. Learn more: https://nextjs.org/docs/messages/middleware-to-proxy
✓ Ready in 2.6s
 GET /login 200 in 3.5s (compile: 2.4s, proxy.ts: 8ms, render: 1053ms)
⚠ Cross origin request detected from added-factory-personnel-com.trycloudflare.com to /_next/* resource. In a future major version of Next.js, you will need to explicitly configure "allowedDevOrigins" in next.config to allow this.
Read more: https://nextjs.org/docs/app/api-reference/config/next-config-js/allowedDevOrigins
 GET /login 200 in 142ms (compile: 14ms, proxy.ts: 19ms, render: 109ms)
 GET /login 200 in 136ms (compile: 13ms, proxy.ts: 13ms, render: 110ms)
 GET /dashboard 200 in 14.7s (compile: 323ms, proxy.ts: 10.9s, render: 3.5s)
 POST /dashboard 200 in 3.8s (compile: 10ms, proxy.ts: 198ms, render: 3.6s)
 POST /dashboard 200 in 2.1s (compile: 8ms, proxy.ts: 183ms, render: 1958ms)
 GET /dashboard/profit 200 in 1497ms (compile: 1243ms, proxy.ts: 212ms, render: 42ms)
 POST /dashboard/profit 200 in 1149ms (compile: 552ms, proxy.ts: 393ms, render: 204ms)
 POST /dashboard/profit 200 in 1280ms (compile: 469ms, proxy.ts: 621ms, render: 190ms)
 POST /dashboard/profit 200 in 1237ms (compile: 471ms, proxy.ts: 260ms, render: 506ms)
 POST /dashboard/profit 200 in 1134ms (compile: 492ms, proxy.ts: 464ms, render: 177ms)
 POST /dashboard/profit 200 in 870ms (compile: 468ms, proxy.ts: 222ms, render: 180ms)
 POST /dashboard/profit 200 in 823ms (compile: 472ms, proxy.ts: 166ms, render: 186ms)
 POST /dashboard/profit 200 in 1272ms (compile: 487ms, proxy.ts: 251ms, render: 533ms)
 POST /dashboard/profit 200 in 1621ms (compile: 685ms, proxy.ts: 697ms, render: 240ms)
 GET /dashboard/products 200 in 1621ms (compile: 567ms, proxy.ts: 281ms, render: 773ms)
 GET /dashboard/sales 200 in 1379ms (compile: 560ms, proxy.ts: 505ms, render: 314ms)
 GET /dashboard/sales 200 in 863ms (compile: 472ms, proxy.ts: 173ms, render: 218ms)
 GET /dashboard/sales 200 in 961ms (compile: 471ms, proxy.ts: 273ms, render: 217ms)
 GET /dashboard/profit 200 in 1288ms (compile: 508ms, proxy.ts: 749ms, render: 30ms)
 POST /dashboard/profit 200 in 1223ms (compile: 467ms, proxy.ts: 319ms, render: 437ms)
 POST /dashboard/profit 200 in 1012ms (compile: 487ms, proxy.ts: 304ms, render: 222ms)
 POST /dashboard/profit 200 in 959ms (compile: 540ms, proxy.ts: 219ms, render: 200ms)
 GET /dashboard/sales 200 in 1494ms (compile: 747ms, proxy.ts: 226ms, render: 521ms)
 GET /dashboard/profit 200 in 6.0s (compile: 667ms, proxy.ts: 5.3s, render: 36ms)
 POST /dashboard/profit 200 in 968ms (compile: 514ms, proxy.ts: 266ms, render: 188ms)
 POST /dashboard/profit 200 in 1039ms (compile: 527ms, proxy.ts: 296ms, render: 216ms)
 POST /dashboard/profit 200 in 979ms (compile: 479ms, proxy.ts: 295ms, render: 205ms)
 POST /dashboard/profit 200 in 1241ms (compile: 465ms, proxy.ts: 486ms, render: 290ms)
 POST /dashboard/profit 200 in 1066ms (compile: 469ms, proxy.ts: 386ms, render: 211ms)
 POST /dashboard/profit 200 in 936ms (compile: 468ms, proxy.ts: 209ms, render: 260ms)
 GET /dashboard/products 200 in 6.6s (compile: 651ms, proxy.ts: 5.6s, render: 382ms)
 GET /dashboard/products 200 in 1170ms (compile: 499ms, proxy.ts: 321ms, render: 350ms)
 GET /dashboard/sales 200 in 1423ms (compile: 526ms, proxy.ts: 633ms, render: 265ms)
 GET /dashboard/profit 200 in 1142ms (compile: 463ms, proxy.ts: 644ms, render: 35ms)
 POST /dashboard/profit 200 in 931ms (compile: 475ms, proxy.ts: 245ms, render: 211ms)
 POST /dashboard/profit 200 in 1085ms (compile: 477ms, proxy.ts: 378ms, render: 229ms)
 POST /dashboard/profit 200 in 7.2s (compile: 473ms, proxy.ts: 6.5s, render: 217ms)
 POST /dashboard/profit 200 in 3.1s (compile: 474ms, proxy.ts: 846ms, render: 1798ms)
 POST /dashboard/profit 200 in 12.7s (compile: 559ms, proxy.ts: 3.2s, render: 8.9s)
 POST /dashboard/profit 200 in 1058ms (compile: 478ms, proxy.ts: 279ms, render: 302ms)
 GET /dashboard/sales 200 in 2.8s (compile: 676ms, proxy.ts: 1676ms, render: 427ms)
 GET /dashboard/profit 200 in 2.1s (compile: 654ms, proxy.ts: 1379ms, render: 34ms)
 POST /dashboard/profit 200 in 1130ms (compile: 510ms, proxy.ts: 209ms, render: 411ms)
 POST /dashboard/profit 200 in 2.1s (compile: 518ms, proxy.ts: 1407ms, render: 195ms)
 POST /dashboard/profit 200 in 1534ms (compile: 506ms, proxy.ts: 679ms, render: 349ms)
 POST /dashboard/profit 200 in 886ms (compile: 465ms, proxy.ts: 203ms, render: 218ms)
 GET /dashboard/sales 200 in 1379ms (compile: 478ms, proxy.ts: 326ms, render: 575ms)
 GET /dashboard/sales 200 in 1712ms (compile: 463ms, proxy.ts: 237ms, render: 1012ms)
 GET /dashboard/sales 200 in 1126ms (compile: 472ms, proxy.ts: 331ms, render: 324ms)
 GET /login 200 in 178ms (compile: 12ms, proxy.ts: 17ms, render: 149ms)
 GET /dashboard 200 in 3.5s (compile: 10ms, proxy.ts: 917ms, render: 2.6s)
 POST /dashboard 200 in 2.4s (compile: 9ms, proxy.ts: 204ms, render: 2.2s)
 POST /dashboard 200 in 3.2s (compile: 11ms, proxy.ts: 175ms, render: 3.0s)
 GET /dashboard/profit 200 in 1461ms (compile: 982ms, proxy.ts: 413ms, render: 66ms)
 POST /dashboard/profit 200 in 1611ms (compile: 616ms, proxy.ts: 793ms, render: 203ms)
 POST /dashboard/profit 200 in 1297ms (compile: 519ms, proxy.ts: 362ms, render: 416ms)
 GET /dashboard/sales 200 in 1121ms (compile: 528ms, proxy.ts: 250ms, render: 343ms)
✓ Compiled in 6.5s
✓ Compiled in 12ms
 GET /dashboard/sales 200 in 3.4s (compile: 718ms, proxy.ts: 1061ms, render: 1621ms)
 GET /login 200 in 167ms (compile: 22ms, proxy.ts: 10ms, render: 136ms)
 GET /dashboard 200 in 4.0s (compile: 20ms, proxy.ts: 644ms, render: 3.4s)
 POST /dashboard 200 in 2.8s (compile: 55ms, proxy.ts: 245ms, render: 2.5s)
 POST /dashboard 200 in 2.5s (compile: 7ms, proxy.ts: 306ms, render: 2.1s)
 GET /dashboard/products 200 in 1173ms (compile: 539ms, proxy.ts: 239ms, render: 394ms)
 GET /dashboard/sales 200 in 1526ms (compile: 537ms, proxy.ts: 455ms, render: 534ms)
 GET /dashboard/profit 200 in 684ms (compile: 478ms, proxy.ts: 174ms, render: 33ms)
 POST /dashboard/profit 200 in 860ms (compile: 479ms, proxy.ts: 172ms, render: 209ms)
 POST /dashboard/profit 200 in 928ms (compile: 470ms, proxy.ts: 280ms, render: 177ms)
 POST /dashboard/profit 200 in 1334ms (compile: 486ms, proxy.ts: 210ms, render: 638ms)
 POST /dashboard/profit 200 in 1055ms (compile: 479ms, proxy.ts: 377ms, render: 198ms)
 POST /dashboard/profit 200 in 1128ms (compile: 466ms, proxy.ts: 282ms, render: 380ms)
 GET /dashboard/profit 200 in 1319ms (compile: 522ms, proxy.ts: 773ms, render: 24ms)
 POST /dashboard/profit 200 in 1352ms (compile: 397ms, proxy.ts: 215ms, render: 740ms)
 POST /dashboard/profit 200 in 1469ms (compile: 369ms, proxy.ts: 615ms, render: 485ms)
 POST /dashboard/profit 200 in 1393ms (compile: 542ms, proxy.ts: 288ms, render: 564ms)
 POST /dashboard/profit 200 in 1051ms (compile: 368ms, proxy.ts: 331ms, render: 352ms)
 GET /dashboard 200 in 4.1s (compile: 8ms, proxy.ts: 312ms, render: 3.8s)
 POST /dashboard 200 in 2.5s (compile: 7ms, proxy.ts: 170ms, render: 2.4s)
 POST /dashboard 200 in 1868ms (compile: 7ms, proxy.ts: 285ms, render: 1575ms)
 GET /dashboard/settings 200 in 2.2s (compile: 1610ms, proxy.ts: 577ms, render: 41ms)
 GET /dashboard/products 200 in 1534ms (compile: 534ms, proxy.ts: 753ms, render: 246ms)
 POST /dashboard/products 200 in 1688ms (compile: 527ms, proxy.ts: 926ms, render: 235ms)
 GET /dashboard 200 in 4.2s (compile: 9ms, proxy.ts: 1364ms, render: 2.8s)
 POST /dashboard 200 in 2.1s (compile: 6ms, proxy.ts: 201ms, render: 1868ms)
 GET /dashboard/settings 200 in 305ms (compile: 4ms, proxy.ts: 265ms, render: 35ms)
 POST /dashboard 200 in 1912ms (compile: 7ms, proxy.ts: 184ms, render: 1721ms)
 GET /login 200 in 53ms (compile: 11ms, proxy.ts: 10ms, render: 31ms)
 GET /dashboard 200 in 1875ms (compile: 6ms, proxy.ts: 396ms, render: 1474ms)
 POST /dashboard 200 in 1850ms (compile: 11ms, proxy.ts: 278ms, render: 1561ms)
 POST /dashboard 200 in 1960ms (compile: 15ms, proxy.ts: 174ms, render: 1771ms)
 GET /dashboard/products 200 in 2.5s (compile: 528ms, proxy.ts: 1299ms, render: 706ms)
 GET /dashboard/sales 200 in 1636ms (compile: 374ms, proxy.ts: 903ms, render: 358ms)
